-- Found ament_cmake: 2.0.3 (/opt/ros/iron/share/ament_cmake/cmake)
-- Found ament_lint_auto: 0.14.2 (/opt/ros/iron/share/ament_lint_auto/cmake)
Error parsing '/home/imtld.local/clarice.goulet/ros_ws/UVLARM-wallE/CG/tuto_cg/package.xml':
Traceback (most recent call last):
  File "/opt/ros/iron/share/ament_cmake_core/cmake/core/package_xml_2_cmake.py", line 150, in <module>
    main()
  File "/opt/ros/iron/share/ament_cmake_core/cmake/core/package_xml_2_cmake.py", line 53, in main
    raise e
  File "/opt/ros/iron/share/ament_cmake_core/cmake/core/package_xml_2_cmake.py", line 49, in main
    package = parse_package_string(
  File "/usr/lib/python3/dist-packages/catkin_pkg/package.py", line 788, in parse_package_string
    pkg.validate(warnings=warnings)
  File "/usr/lib/python3/dist-packages/catkin_pkg/package.py", line 330, in validate
    raise InvalidPackage('\n'.join(errors), self.filename)
catkin_pkg.package.InvalidPackage: Error(s) in package '/home/imtld.local/clarice.goulet/ros_ws/UVLARM-wallE/CG/tuto_cg/package.xml':
Invalid email "clarice.goulet@etu.imt-nord-europe.fr@todo.todo" for person "clarice.goulet@etu.imt-nord-europe.fr"
[31mCMake Error at /opt/ros/iron/share/ament_cmake_core/cmake/core/ament_package_xml.cmake:95 (message):
  execute_process(/usr/bin/python3.10
  /opt/ros/iron/share/ament_cmake_core/cmake/core/package_xml_2_cmake.py
  /home/imtld.local/clarice.goulet/ros_ws/UVLARM-wallE/CG/tuto_cg/package.xml
  /home/imtld.local/clarice.goulet/ros_ws/UVLARM-wallE/CG/build/tuto_cg/ament_cmake_core/package.cmake)
  returned error code 1
Call Stack (most recent call first):
  /opt/ros/iron/share/ament_cmake_core/cmake/core/ament_package_xml.cmake:49 (_ament_package_xml)
  /opt/ros/iron/share/ament_lint_auto/cmake/ament_lint_auto_find_test_dependencies.cmake:31 (ament_package_xml)
  CMakeLists.txt:23 (ament_lint_auto_find_test_dependencies)

[0m
-- Configuring incomplete, errors occurred!
See also "/home/imtld.local/clarice.goulet/ros_ws/UVLARM-wallE/CG/build/tuto_cg/CMakeFiles/CMakeOutput.log".
