[0.095s] Invoking command in '/home/imtld.local/clarice.goulet/ros_ws/UVLARM-wallE/CG/build/tuto_cg': /usr/bin/cmake /home/imtld.local/clarice.goulet/ros_ws/UVLARM-wallE/CG/tuto_cg -DCMAKE_INSTALL_PREFIX=/home/imtld.local/clarice.goulet/ros_ws/UVLARM-wallE/CG/install/tuto_cg
[0.104s] -- Found ament_cmake: 2.0.3 (/opt/ros/iron/share/ament_cmake/cmake)
[0.387s] -- Found ament_lint_auto: 0.14.2 (/opt/ros/iron/share/ament_lint_auto/cmake)
[0.475s] Error parsing '/home/imtld.local/clarice.goulet/ros_ws/UVLARM-wallE/CG/tuto_cg/package.xml':
[0.510s] Traceback (most recent call last):
[0.513s]   File "/opt/ros/iron/share/ament_cmake_core/cmake/core/package_xml_2_cmake.py", line 150, in <module>
[0.520s]     main()
[0.523s]   File "/opt/ros/iron/share/ament_cmake_core/cmake/core/package_xml_2_cmake.py", line 53, in main
[0.523s]     raise e
[0.530s]   File "/opt/ros/iron/share/ament_cmake_core/cmake/core/package_xml_2_cmake.py", line 49, in main
[0.539s]     package = parse_package_string(
[0.541s]   File "/usr/lib/python3/dist-packages/catkin_pkg/package.py", line 788, in parse_package_string
[0.543s]     pkg.validate(warnings=warnings)
[0.544s]   File "/usr/lib/python3/dist-packages/catkin_pkg/package.py", line 330, in validate
[0.546s]     raise InvalidPackage('\n'.join(errors), self.filename)
[0.559s] catkin_pkg.package.InvalidPackage: Error(s) in package '/home/imtld.local/clarice.goulet/ros_ws/UVLARM-wallE/CG/tuto_cg/package.xml':
[0.561s] Invalid email "clarice.goulet@etu.imt-nord-europe.fr@todo.todo" for person "clarice.goulet@etu.imt-nord-europe.fr"
[0.561s] [31mCMake Error at /opt/ros/iron/share/ament_cmake_core/cmake/core/ament_package_xml.cmake:95 (message):
[0.563s]   execute_process(/usr/bin/python3.10
[0.563s]   /opt/ros/iron/share/ament_cmake_core/cmake/core/package_xml_2_cmake.py
[0.564s]   /home/imtld.local/clarice.goulet/ros_ws/UVLARM-wallE/CG/tuto_cg/package.xml
[0.571s]   /home/imtld.local/clarice.goulet/ros_ws/UVLARM-wallE/CG/build/tuto_cg/ament_cmake_core/package.cmake)
[0.582s]   returned error code 1
[0.582s] Call Stack (most recent call first):
[0.593s]   /opt/ros/iron/share/ament_cmake_core/cmake/core/ament_package_xml.cmake:49 (_ament_package_xml)
[0.600s]   /opt/ros/iron/share/ament_lint_auto/cmake/ament_lint_auto_find_test_dependencies.cmake:31 (ament_package_xml)
[0.602s]   CMakeLists.txt:23 (ament_lint_auto_find_test_dependencies)
[0.605s] 
[0.605s] [0m
[0.605s] -- Configuring incomplete, errors occurred!
[0.610s] See also "/home/imtld.local/clarice.goulet/ros_ws/UVLARM-wallE/CG/build/tuto_cg/CMakeFiles/CMakeOutput.log".
[0.628s] Invoked command in '/home/imtld.local/clarice.goulet/ros_ws/UVLARM-wallE/CG/build/tuto_cg' returned '1': /usr/bin/cmake /home/imtld.local/clarice.goulet/ros_ws/UVLARM-wallE/CG/tuto_cg -DCMAKE_INSTALL_PREFIX=/home/imtld.local/clarice.goulet/ros_ws/UVLARM-wallE/CG/install/tuto_cg
