[0.388s] DEBUG:colcon:Command line arguments: ['/usr/bin/colcon', 'build']
[0.388s] DEBUG:colcon:Parsed command line arguments: Namespace(log_base=None, log_level=None, verb_name='build', build_base='build', install_base='install', merge_install=False, symlink_install=False, test_result_base=None, continue_on_error=False, executor='parallel', parallel_workers=12, event_handlers=None, ignore_user_meta=False, metas=['./colcon.meta'], base_paths=['.'], packages_ignore=None, packages_ignore_regex=None, paths=None, packages_up_to=None, packages_up_to_regex=None, packages_above=None, packages_above_and_dependencies=None, packages_above_depth=None, packages_select_by_dep=None, packages_skip_by_dep=None, packages_skip_up_to=None, packages_select_build_failed=False, packages_skip_build_finished=False, packages_select_test_failures=False, packages_skip_test_passed=False, packages_select=None, packages_skip=None, packages_select_regex=None, packages_skip_regex=None, packages_start=None, packages_end=None, allow_overriding=[], cmake_args=None, cmake_target=None, cmake_target_skip_unavailable=False, cmake_clean_cache=False, cmake_clean_first=False, cmake_force_configure=False, ament_cmake_args=None, catkin_cmake_args=None, catkin_skip_building_tests=False, verb_parser=<colcon_defaults.argument_parser.defaults.DefaultArgumentsDecorator object at 0x7f74d6afccd0>, verb_extension=<colcon_core.verb.build.BuildVerb object at 0x7f74d6c552d0>, main=<bound method BuildVerb.main of <colcon_core.verb.build.BuildVerb object at 0x7f74d6c552d0>>)
[0.477s] Level 1:colcon.colcon_core.package_discovery:discover_packages(colcon_meta) check parameters
[0.477s] Level 1:colcon.colcon_core.package_discovery:discover_packages(recursive) check parameters
[0.479s] Level 1:colcon.colcon_core.package_discovery:discover_packages(ignore) check parameters
[0.479s] Level 1:colcon.colcon_core.package_discovery:discover_packages(path) check parameters
[0.479s] Level 1:colcon.colcon_core.package_discovery:discover_packages(colcon_meta) discover
[0.480s] Level 1:colcon.colcon_core.package_discovery:discover_packages(recursive) discover
[0.480s] INFO:colcon.colcon_core.package_discovery:Crawling recursively for packages in '/home/imtld.local/clarice.goulet/ros_ws/UVLARM-wallE'
[0.482s] Level 1:colcon.colcon_core.package_identification:_identify(.) by extensions ['ignore', 'ignore_ament_install']
[0.482s] Level 1:colcon.colcon_core.package_identification:_identify(.) by extension 'ignore'
[0.484s] Level 1:colcon.colcon_core.package_identification:_identify(.) by extension 'ignore_ament_install'
[0.487s] Level 1:colcon.colcon_core.package_identification:_identify(.) by extensions ['colcon_pkg']
[0.487s] Level 1:colcon.colcon_core.package_identification:_identify(.) by extension 'colcon_pkg'
[0.488s] Level 1:colcon.colcon_core.package_identification:_identify(.) by extensions ['colcon_meta']
[0.489s] Level 1:colcon.colcon_core.package_identification:_identify(.) by extension 'colcon_meta'
[0.489s] Level 1:colcon.colcon_core.package_identification:_identify(.) by extensions ['ros']
[0.492s] Level 1:colcon.colcon_core.package_identification:_identify(.) by extension 'ros'
[0.506s] Level 1:colcon.colcon_core.package_identification:_identify(.) by extensions ['cmake', 'python']
[0.506s] Level 1:colcon.colcon_core.package_identification:_identify(.) by extension 'cmake'
[0.507s] Level 1:colcon.colcon_core.package_identification:_identify(.) by extension 'python'
[0.508s] Level 1:colcon.colcon_core.package_identification:_identify(.) by extensions ['python_setup_py']
[0.508s] Level 1:colcon.colcon_core.package_identification:_identify(.) by extension 'python_setup_py'
[0.510s] Level 1:colcon.colcon_core.package_identification:_identify(build) by extensions ['ignore', 'ignore_ament_install']
[0.510s] Level 1:colcon.colcon_core.package_identification:_identify(build) by extension 'ignore'
[0.510s] Level 1:colcon.colcon_core.package_identification:_identify(build) ignored
[0.513s] Level 1:colcon.colcon_core.package_identification:_identify(install) by extensions ['ignore', 'ignore_ament_install']
[0.514s] Level 1:colcon.colcon_core.package_identification:_identify(install) by extension 'ignore'
[0.514s] Level 1:colcon.colcon_core.package_identification:_identify(install) ignored
[0.524s] Level 1:colcon.colcon_core.package_identification:_identify(log) by extensions ['ignore', 'ignore_ament_install']
[0.524s] Level 1:colcon.colcon_core.package_identification:_identify(log) by extension 'ignore'
[0.526s] Level 1:colcon.colcon_core.package_identification:_identify(log) ignored
[0.527s] Level 1:colcon.colcon_core.package_identification:_identify(tuto_kickoff) by extensions ['ignore', 'ignore_ament_install']
[0.527s] Level 1:colcon.colcon_core.package_identification:_identify(tuto_kickoff) by extension 'ignore'
[0.530s] Level 1:colcon.colcon_core.package_identification:_identify(tuto_kickoff) by extension 'ignore_ament_install'
[0.534s] Level 1:colcon.colcon_core.package_identification:_identify(tuto_kickoff) by extensions ['colcon_pkg']
[0.534s] Level 1:colcon.colcon_core.package_identification:_identify(tuto_kickoff) by extension 'colcon_pkg'
[0.535s] Level 1:colcon.colcon_core.package_identification:_identify(tuto_kickoff) by extensions ['colcon_meta']
[0.536s] Level 1:colcon.colcon_core.package_identification:_identify(tuto_kickoff) by extension 'colcon_meta'
[0.537s] Level 1:colcon.colcon_core.package_identification:_identify(tuto_kickoff) by extensions ['ros']
[0.539s] Level 1:colcon.colcon_core.package_identification:_identify(tuto_kickoff) by extension 'ros'
[0.550s] DEBUG:colcon.colcon_core.package_identification:Package 'tuto_kickoff' with type 'ros.ament_cmake' and name 'tuto_kickoff'
[0.550s] Level 1:colcon.colcon_core.package_discovery:discover_packages(recursive) using defaults
[0.551s] Level 1:colcon.colcon_core.package_discovery:discover_packages(ignore) discover
[0.552s] Level 1:colcon.colcon_core.package_discovery:discover_packages(ignore) using defaults
[0.553s] Level 1:colcon.colcon_core.package_discovery:discover_packages(path) discover
[0.553s] Level 1:colcon.colcon_core.package_discovery:discover_packages(path) using defaults
[0.603s] Level 1:colcon.colcon_core.package_discovery:discover_packages(prefix_path) check parameters
[0.603s] Level 1:colcon.colcon_core.package_discovery:discover_packages(prefix_path) discover
[0.624s] DEBUG:colcon.colcon_installed_package_information.package_discovery:Found 1 installed packages in /home/imtld.local/clarice.goulet/ros_ws/install
[0.626s] DEBUG:colcon.colcon_installed_package_information.package_discovery:Found 340 installed packages in /opt/ros/iron
[0.628s] Level 1:colcon.colcon_core.package_discovery:discover_packages(prefix_path) using defaults
[0.681s] Level 5:colcon.colcon_core.verb:set package 'tuto_kickoff' build argument 'cmake_args' from command line to 'None'
[0.681s] Level 5:colcon.colcon_core.verb:set package 'tuto_kickoff' build argument 'cmake_target' from command line to 'None'
[0.681s] Level 5:colcon.colcon_core.verb:set package 'tuto_kickoff' build argument 'cmake_target_skip_unavailable' from command line to 'False'
[0.681s] Level 5:colcon.colcon_core.verb:set package 'tuto_kickoff' build argument 'cmake_clean_cache' from command line to 'False'
[0.681s] Level 5:colcon.colcon_core.verb:set package 'tuto_kickoff' build argument 'cmake_clean_first' from command line to 'False'
[0.683s] Level 5:colcon.colcon_core.verb:set package 'tuto_kickoff' build argument 'cmake_force_configure' from command line to 'False'
[0.683s] Level 5:colcon.colcon_core.verb:set package 'tuto_kickoff' build argument 'ament_cmake_args' from command line to 'None'
[0.683s] Level 5:colcon.colcon_core.verb:set package 'tuto_kickoff' build argument 'catkin_cmake_args' from command line to 'None'
[0.683s] Level 5:colcon.colcon_core.verb:set package 'tuto_kickoff' build argument 'catkin_skip_building_tests' from command line to 'False'
[0.685s] DEBUG:colcon.colcon_core.verb:Building package 'tuto_kickoff' with the following arguments: {'ament_cmake_args': None, 'build_base': '/home/imtld.local/clarice.goulet/ros_ws/UVLARM-wallE/build/tuto_kickoff', 'catkin_cmake_args': None, 'catkin_skip_building_tests': False, 'cmake_args': None, 'cmake_clean_cache': False, 'cmake_clean_first': False, 'cmake_force_configure': False, 'cmake_target': None, 'cmake_target_skip_unavailable': False, 'install_base': '/home/imtld.local/clarice.goulet/ros_ws/UVLARM-wallE/install/tuto_kickoff', 'merge_install': False, 'path': '/home/imtld.local/clarice.goulet/ros_ws/UVLARM-wallE/tuto_kickoff', 'symlink_install': False, 'test_result_base': None}
[0.686s] INFO:colcon.colcon_core.executor:Executing jobs using 'parallel' executor
[0.695s] DEBUG:colcon.colcon_parallel_executor.executor.parallel:run_until_complete
[0.695s] INFO:colcon.colcon_ros.task.ament_cmake.build:Building ROS package in '/home/imtld.local/clarice.goulet/ros_ws/UVLARM-wallE/tuto_kickoff' with build type 'ament_cmake'
[0.703s] INFO:colcon.colcon_cmake.task.cmake.build:Building CMake package in '/home/imtld.local/clarice.goulet/ros_ws/UVLARM-wallE/tuto_kickoff'
[0.719s] INFO:colcon.colcon_core.plugin_system:Skipping extension 'colcon_core.shell.bat': Not used on non-Windows systems
[0.720s] INFO:colcon.colcon_core.shell:Skip shell extension 'powershell' for command environment: Not usable outside of PowerShell
[0.738s] DEBUG:colcon.colcon_core.shell:Skip shell extension 'dsv' for command environment
[0.818s] DEBUG:colcon.colcon_core.event_handler.log_command:Invoking command in '/home/imtld.local/clarice.goulet/ros_ws/UVLARM-wallE/build/tuto_kickoff': CMAKE_PREFIX_PATH=${CMAKE_PREFIX_PATH}:/opt/ros/iron /usr/bin/cmake /home/imtld.local/clarice.goulet/ros_ws/UVLARM-wallE/tuto_kickoff -DCMAKE_INSTALL_PREFIX=/home/imtld.local/clarice.goulet/ros_ws/UVLARM-wallE/install/tuto_kickoff
[4.107s] DEBUG:colcon.colcon_core.event_handler.log_command:Invoked command in '/home/imtld.local/clarice.goulet/ros_ws/UVLARM-wallE/build/tuto_kickoff' returned '0': CMAKE_PREFIX_PATH=${CMAKE_PREFIX_PATH}:/opt/ros/iron /usr/bin/cmake /home/imtld.local/clarice.goulet/ros_ws/UVLARM-wallE/tuto_kickoff -DCMAKE_INSTALL_PREFIX=/home/imtld.local/clarice.goulet/ros_ws/UVLARM-wallE/install/tuto_kickoff
[4.146s] DEBUG:colcon.colcon_core.event_handler.log_command:Invoking command in '/home/imtld.local/clarice.goulet/ros_ws/UVLARM-wallE/build/tuto_kickoff': CMAKE_PREFIX_PATH=${CMAKE_PREFIX_PATH}:/opt/ros/iron /usr/bin/cmake --build /home/imtld.local/clarice.goulet/ros_ws/UVLARM-wallE/build/tuto_kickoff -- -j12 -l12
[4.228s] DEBUG:colcon.colcon_core.event_handler.log_command:Invoked command in '/home/imtld.local/clarice.goulet/ros_ws/UVLARM-wallE/build/tuto_kickoff' returned '0': CMAKE_PREFIX_PATH=${CMAKE_PREFIX_PATH}:/opt/ros/iron /usr/bin/cmake --build /home/imtld.local/clarice.goulet/ros_ws/UVLARM-wallE/build/tuto_kickoff -- -j12 -l12
[4.350s] DEBUG:colcon.colcon_core.event_handler.log_command:Invoking command in '/home/imtld.local/clarice.goulet/ros_ws/UVLARM-wallE/build/tuto_kickoff': CMAKE_PREFIX_PATH=${CMAKE_PREFIX_PATH}:/opt/ros/iron /usr/bin/cmake --install /home/imtld.local/clarice.goulet/ros_ws/UVLARM-wallE/build/tuto_kickoff
[4.838s] Level 1:colcon.colcon_core.environment:create_environment_scripts_only(tuto_kickoff)
[4.842s] DEBUG:colcon.colcon_core.event_handler.log_command:Invoked command in '/home/imtld.local/clarice.goulet/ros_ws/UVLARM-wallE/build/tuto_kickoff' returned '0': CMAKE_PREFIX_PATH=${CMAKE_PREFIX_PATH}:/opt/ros/iron /usr/bin/cmake --install /home/imtld.local/clarice.goulet/ros_ws/UVLARM-wallE/build/tuto_kickoff
[4.862s] Level 1:colcon.colcon_core.environment:checking '/home/imtld.local/clarice.goulet/ros_ws/UVLARM-wallE/install/tuto_kickoff' for CMake module files
[4.871s] Level 1:colcon.colcon_core.environment:checking '/home/imtld.local/clarice.goulet/ros_ws/UVLARM-wallE/install/tuto_kickoff' for CMake config files
[4.883s] Level 1:colcon.colcon_core.shell:create_environment_hook('tuto_kickoff', 'cmake_prefix_path')
[4.888s] INFO:colcon.colcon_core.shell:Creating environment hook '/home/imtld.local/clarice.goulet/ros_ws/UVLARM-wallE/install/tuto_kickoff/share/tuto_kickoff/hook/cmake_prefix_path.ps1'
[4.904s] INFO:colcon.colcon_core.shell:Creating environment descriptor '/home/imtld.local/clarice.goulet/ros_ws/UVLARM-wallE/install/tuto_kickoff/share/tuto_kickoff/hook/cmake_prefix_path.dsv'
[4.910s] INFO:colcon.colcon_core.shell:Creating environment hook '/home/imtld.local/clarice.goulet/ros_ws/UVLARM-wallE/install/tuto_kickoff/share/tuto_kickoff/hook/cmake_prefix_path.sh'
[4.927s] Level 1:colcon.colcon_core.environment:checking '/home/imtld.local/clarice.goulet/ros_ws/UVLARM-wallE/install/tuto_kickoff/bin'
[4.928s] Level 1:colcon.colcon_core.environment:checking '/home/imtld.local/clarice.goulet/ros_ws/UVLARM-wallE/install/tuto_kickoff/lib/pkgconfig/tuto_kickoff.pc'
[4.930s] Level 1:colcon.colcon_core.environment:checking '/home/imtld.local/clarice.goulet/ros_ws/UVLARM-wallE/install/tuto_kickoff/lib/python3.10/site-packages'
[4.933s] Level 1:colcon.colcon_core.environment:checking '/home/imtld.local/clarice.goulet/ros_ws/UVLARM-wallE/install/tuto_kickoff/bin'
[4.939s] INFO:colcon.colcon_core.shell:Creating package script '/home/imtld.local/clarice.goulet/ros_ws/UVLARM-wallE/install/tuto_kickoff/share/tuto_kickoff/package.ps1'
[4.945s] INFO:colcon.colcon_core.shell:Creating package descriptor '/home/imtld.local/clarice.goulet/ros_ws/UVLARM-wallE/install/tuto_kickoff/share/tuto_kickoff/package.dsv'
[4.952s] INFO:colcon.colcon_core.shell:Creating package script '/home/imtld.local/clarice.goulet/ros_ws/UVLARM-wallE/install/tuto_kickoff/share/tuto_kickoff/package.sh'
[4.958s] INFO:colcon.colcon_core.shell:Creating package script '/home/imtld.local/clarice.goulet/ros_ws/UVLARM-wallE/install/tuto_kickoff/share/tuto_kickoff/package.bash'
[4.965s] INFO:colcon.colcon_core.shell:Creating package script '/home/imtld.local/clarice.goulet/ros_ws/UVLARM-wallE/install/tuto_kickoff/share/tuto_kickoff/package.zsh'
[4.971s] Level 1:colcon.colcon_core.environment:create_file_with_runtime_dependencies(/home/imtld.local/clarice.goulet/ros_ws/UVLARM-wallE/install/tuto_kickoff/share/colcon-core/packages/tuto_kickoff)
[5.008s] Level 1:colcon.colcon_core.environment:create_environment_scripts_only(tuto_kickoff)
[5.011s] Level 1:colcon.colcon_core.environment:checking '/home/imtld.local/clarice.goulet/ros_ws/UVLARM-wallE/install/tuto_kickoff' for CMake module files
[5.014s] Level 1:colcon.colcon_core.environment:checking '/home/imtld.local/clarice.goulet/ros_ws/UVLARM-wallE/install/tuto_kickoff' for CMake config files
[5.020s] Level 1:colcon.colcon_core.shell:create_environment_hook('tuto_kickoff', 'cmake_prefix_path')
[5.026s] INFO:colcon.colcon_core.shell:Creating environment hook '/home/imtld.local/clarice.goulet/ros_ws/UVLARM-wallE/install/tuto_kickoff/share/tuto_kickoff/hook/cmake_prefix_path.ps1'
[5.031s] INFO:colcon.colcon_core.shell:Creating environment descriptor '/home/imtld.local/clarice.goulet/ros_ws/UVLARM-wallE/install/tuto_kickoff/share/tuto_kickoff/hook/cmake_prefix_path.dsv'
[5.037s] INFO:colcon.colcon_core.shell:Creating environment hook '/home/imtld.local/clarice.goulet/ros_ws/UVLARM-wallE/install/tuto_kickoff/share/tuto_kickoff/hook/cmake_prefix_path.sh'
[5.043s] Level 1:colcon.colcon_core.environment:checking '/home/imtld.local/clarice.goulet/ros_ws/UVLARM-wallE/install/tuto_kickoff/bin'
[5.044s] Level 1:colcon.colcon_core.environment:checking '/home/imtld.local/clarice.goulet/ros_ws/UVLARM-wallE/install/tuto_kickoff/lib/pkgconfig/tuto_kickoff.pc'
[5.046s] Level 1:colcon.colcon_core.environment:checking '/home/imtld.local/clarice.goulet/ros_ws/UVLARM-wallE/install/tuto_kickoff/lib/python3.10/site-packages'
[5.048s] Level 1:colcon.colcon_core.environment:checking '/home/imtld.local/clarice.goulet/ros_ws/UVLARM-wallE/install/tuto_kickoff/bin'
[5.055s] INFO:colcon.colcon_core.shell:Creating package script '/home/imtld.local/clarice.goulet/ros_ws/UVLARM-wallE/install/tuto_kickoff/share/tuto_kickoff/package.ps1'
[5.061s] INFO:colcon.colcon_core.shell:Creating package descriptor '/home/imtld.local/clarice.goulet/ros_ws/UVLARM-wallE/install/tuto_kickoff/share/tuto_kickoff/package.dsv'
[5.067s] INFO:colcon.colcon_core.shell:Creating package script '/home/imtld.local/clarice.goulet/ros_ws/UVLARM-wallE/install/tuto_kickoff/share/tuto_kickoff/package.sh'
[5.073s] INFO:colcon.colcon_core.shell:Creating package script '/home/imtld.local/clarice.goulet/ros_ws/UVLARM-wallE/install/tuto_kickoff/share/tuto_kickoff/package.bash'
[5.084s] INFO:colcon.colcon_core.shell:Creating package script '/home/imtld.local/clarice.goulet/ros_ws/UVLARM-wallE/install/tuto_kickoff/share/tuto_kickoff/package.zsh'
[5.090s] Level 1:colcon.colcon_core.environment:create_file_with_runtime_dependencies(/home/imtld.local/clarice.goulet/ros_ws/UVLARM-wallE/install/tuto_kickoff/share/colcon-core/packages/tuto_kickoff)
[5.093s] DEBUG:colcon.colcon_parallel_executor.executor.parallel:closing loop
[5.094s] DEBUG:colcon.colcon_parallel_executor.executor.parallel:loop closed
[5.095s] DEBUG:colcon.colcon_parallel_executor.executor.parallel:run_until_complete finished with '0'
[5.095s] DEBUG:colcon.colcon_core.event_reactor:joining thread
[5.134s] INFO:colcon.colcon_core.plugin_system:Skipping extension 'colcon_notification.desktop_notification.terminal_notifier': Not used on non-Darwin systems
[5.134s] INFO:colcon.colcon_core.plugin_system:Skipping extension 'colcon_notification.desktop_notification.win32': Not used on non-Windows systems
[5.134s] INFO:colcon.colcon_notification.desktop_notification:Sending desktop notification using 'notify2'
[5.151s] DEBUG:colcon.colcon_core.event_reactor:joined thread
[5.154s] INFO:colcon.colcon_core.shell:Creating prefix script '/home/imtld.local/clarice.goulet/ros_ws/UVLARM-wallE/install/local_setup.ps1'
[5.172s] INFO:colcon.colcon_core.shell:Creating prefix util module '/home/imtld.local/clarice.goulet/ros_ws/UVLARM-wallE/install/_local_setup_util_ps1.py'
[5.179s] INFO:colcon.colcon_core.shell:Creating prefix chain script '/home/imtld.local/clarice.goulet/ros_ws/UVLARM-wallE/install/setup.ps1'
[5.189s] INFO:colcon.colcon_core.shell:Creating prefix script '/home/imtld.local/clarice.goulet/ros_ws/UVLARM-wallE/install/local_setup.sh'
[5.216s] INFO:colcon.colcon_core.shell:Creating prefix util module '/home/imtld.local/clarice.goulet/ros_ws/UVLARM-wallE/install/_local_setup_util_sh.py'
[5.230s] INFO:colcon.colcon_core.shell:Creating prefix chain script '/home/imtld.local/clarice.goulet/ros_ws/UVLARM-wallE/install/setup.sh'
[5.252s] INFO:colcon.colcon_core.shell:Creating prefix script '/home/imtld.local/clarice.goulet/ros_ws/UVLARM-wallE/install/local_setup.bash'
[5.270s] INFO:colcon.colcon_core.shell:Creating prefix chain script '/home/imtld.local/clarice.goulet/ros_ws/UVLARM-wallE/install/setup.bash'
[5.281s] INFO:colcon.colcon_core.shell:Creating prefix script '/home/imtld.local/clarice.goulet/ros_ws/UVLARM-wallE/install/local_setup.zsh'
[5.287s] INFO:colcon.colcon_core.shell:Creating prefix chain script '/home/imtld.local/clarice.goulet/ros_ws/UVLARM-wallE/install/setup.zsh'
