[0.370s] DEBUG:colcon:Command line arguments: ['/usr/bin/colcon', 'build', '--packages-select', 'tuto_kickoff/']
[0.370s] DEBUG:colcon:Parsed command line arguments: Namespace(log_base=None, log_level=None, verb_name='build', build_base='build', install_base='install', merge_install=False, symlink_install=False, test_result_base=None, continue_on_error=False, executor='parallel', parallel_workers=8, event_handlers=None, ignore_user_meta=False, metas=['./colcon.meta'], base_paths=['.'], packages_ignore=None, packages_ignore_regex=None, paths=None, packages_up_to=None, packages_up_to_regex=None, packages_above=None, packages_above_and_dependencies=None, packages_above_depth=None, packages_select_by_dep=None, packages_skip_by_dep=None, packages_skip_up_to=None, packages_select_build_failed=False, packages_skip_build_finished=False, packages_select_test_failures=False, packages_skip_test_passed=False, packages_select=['tuto_kickoff/'], packages_skip=None, packages_select_regex=None, packages_skip_regex=None, packages_start=None, packages_end=None, allow_overriding=[], cmake_args=None, cmake_target=None, cmake_target_skip_unavailable=False, cmake_clean_cache=False, cmake_clean_first=False, cmake_force_configure=False, ament_cmake_args=None, catkin_cmake_args=None, catkin_skip_building_tests=False, verb_parser=<colcon_defaults.argument_parser.defaults.DefaultArgumentsDecorator object at 0x7f28755e5d80>, verb_extension=<colcon_core.verb.build.BuildVerb object at 0x7f2875fee9e0>, main=<bound method BuildVerb.main of <colcon_core.verb.build.BuildVerb object at 0x7f2875fee9e0>>)
[0.399s] Level 1:colcon.colcon_core.package_discovery:discover_packages(colcon_meta) check parameters
[0.399s] Level 1:colcon.colcon_core.package_discovery:discover_packages(recursive) check parameters
[0.399s] Level 1:colcon.colcon_core.package_discovery:discover_packages(ignore) check parameters
[0.399s] Level 1:colcon.colcon_core.package_discovery:discover_packages(path) check parameters
[0.399s] Level 1:colcon.colcon_core.package_discovery:discover_packages(colcon_meta) discover
[0.399s] Level 1:colcon.colcon_core.package_discovery:discover_packages(recursive) discover
[0.399s] INFO:colcon.colcon_core.package_discovery:Crawling recursively for packages in '/home/bot/mb6-space/UVLARM-wallE'
[0.400s] Level 1:colcon.colcon_core.package_identification:_identify(.) by extensions ['ignore', 'ignore_ament_install']
[0.400s] Level 1:colcon.colcon_core.package_identification:_identify(.) by extension 'ignore'
[0.400s] Level 1:colcon.colcon_core.package_identification:_identify(.) by extension 'ignore_ament_install'
[0.400s] Level 1:colcon.colcon_core.package_identification:_identify(.) by extensions ['colcon_pkg']
[0.400s] Level 1:colcon.colcon_core.package_identification:_identify(.) by extension 'colcon_pkg'
[0.400s] Level 1:colcon.colcon_core.package_identification:_identify(.) by extensions ['colcon_meta']
[0.400s] Level 1:colcon.colcon_core.package_identification:_identify(.) by extension 'colcon_meta'
[0.400s] Level 1:colcon.colcon_core.package_identification:_identify(.) by extensions ['ros']
[0.400s] Level 1:colcon.colcon_core.package_identification:_identify(.) by extension 'ros'
[0.408s] Level 1:colcon.colcon_core.package_identification:_identify(.) by extensions ['cmake', 'python']
[0.408s] Level 1:colcon.colcon_core.package_identification:_identify(.) by extension 'cmake'
[0.408s] Level 1:colcon.colcon_core.package_identification:_identify(.) by extension 'python'
[0.408s] Level 1:colcon.colcon_core.package_identification:_identify(.) by extensions ['python_setup_py']
[0.408s] Level 1:colcon.colcon_core.package_identification:_identify(.) by extension 'python_setup_py'
[0.409s] Level 1:colcon.colcon_core.package_identification:_identify(build) by extensions ['ignore', 'ignore_ament_install']
[0.409s] Level 1:colcon.colcon_core.package_identification:_identify(build) by extension 'ignore'
[0.409s] Level 1:colcon.colcon_core.package_identification:_identify(build) ignored
[0.409s] Level 1:colcon.colcon_core.package_identification:_identify(install) by extensions ['ignore', 'ignore_ament_install']
[0.409s] Level 1:colcon.colcon_core.package_identification:_identify(install) by extension 'ignore'
[0.409s] Level 1:colcon.colcon_core.package_identification:_identify(install) ignored
[0.409s] Level 1:colcon.colcon_core.package_identification:_identify(log) by extensions ['ignore', 'ignore_ament_install']
[0.409s] Level 1:colcon.colcon_core.package_identification:_identify(log) by extension 'ignore'
[0.409s] Level 1:colcon.colcon_core.package_identification:_identify(log) ignored
[0.409s] Level 1:colcon.colcon_core.package_identification:_identify(tuto_kickoff) by extensions ['ignore', 'ignore_ament_install']
[0.409s] Level 1:colcon.colcon_core.package_identification:_identify(tuto_kickoff) by extension 'ignore'
[0.409s] Level 1:colcon.colcon_core.package_identification:_identify(tuto_kickoff) by extension 'ignore_ament_install'
[0.409s] Level 1:colcon.colcon_core.package_identification:_identify(tuto_kickoff) by extensions ['colcon_pkg']
[0.409s] Level 1:colcon.colcon_core.package_identification:_identify(tuto_kickoff) by extension 'colcon_pkg'
[0.409s] Level 1:colcon.colcon_core.package_identification:_identify(tuto_kickoff) by extensions ['colcon_meta']
[0.409s] Level 1:colcon.colcon_core.package_identification:_identify(tuto_kickoff) by extension 'colcon_meta'
[0.409s] Level 1:colcon.colcon_core.package_identification:_identify(tuto_kickoff) by extensions ['ros']
[0.409s] Level 1:colcon.colcon_core.package_identification:_identify(tuto_kickoff) by extension 'ros'
[0.412s] DEBUG:colcon.colcon_core.package_identification:Package 'tuto_kickoff' with type 'ros.ament_cmake' and name 'tuto_kickoff'
[0.412s] Level 1:colcon.colcon_core.package_discovery:discover_packages(recursive) using defaults
[0.412s] Level 1:colcon.colcon_core.package_discovery:discover_packages(ignore) discover
[0.412s] Level 1:colcon.colcon_core.package_discovery:discover_packages(ignore) using defaults
[0.412s] Level 1:colcon.colcon_core.package_discovery:discover_packages(path) discover
[0.412s] Level 1:colcon.colcon_core.package_discovery:discover_packages(path) using defaults
[0.414s] WARNING:colcon.colcon_core.package_selection:ignoring unknown package 'tuto_kickoff/' in --packages-select
[0.439s] INFO:colcon.colcon_core.package_selection:Skipping not selected package 'tuto_kickoff' in 'tuto_kickoff'
[0.440s] Level 1:colcon.colcon_core.package_discovery:discover_packages(prefix_path) check parameters
[0.440s] Level 1:colcon.colcon_core.package_discovery:discover_packages(prefix_path) discover
[0.445s] DEBUG:colcon.colcon_installed_package_information.package_discovery:Found 7 installed packages in /home/bot/mb6-space/install
[0.447s] DEBUG:colcon.colcon_installed_package_information.package_discovery:Found 364 installed packages in /opt/ros/iron
[0.449s] Level 1:colcon.colcon_core.package_discovery:discover_packages(prefix_path) using defaults
[0.497s] INFO:colcon.colcon_core.executor:Executing jobs using 'parallel' executor
[0.502s] DEBUG:colcon.colcon_parallel_executor.executor.parallel:run_until_complete
[0.503s] DEBUG:colcon.colcon_parallel_executor.executor.parallel:closing loop
[0.503s] DEBUG:colcon.colcon_parallel_executor.executor.parallel:loop closed
[0.503s] DEBUG:colcon.colcon_parallel_executor.executor.parallel:run_until_complete finished with '0'
[0.503s] DEBUG:colcon.colcon_core.event_reactor:joining thread
[0.507s] INFO:colcon.colcon_core.plugin_system:Skipping extension 'colcon_notification.desktop_notification.terminal_notifier': Not used on non-Darwin systems
[0.508s] INFO:colcon.colcon_core.plugin_system:Skipping extension 'colcon_notification.desktop_notification.win32': Not used on non-Windows systems
[0.508s] INFO:colcon.colcon_notification.desktop_notification:Sending desktop notification using 'notify2'
[0.521s] DEBUG:colcon.colcon_core.event_reactor:joined thread
[0.526s] INFO:colcon.colcon_core.plugin_system:Skipping extension 'colcon_core.shell.bat': Not used on non-Windows systems
[0.527s] INFO:colcon.colcon_core.shell:Creating prefix script '/home/bot/mb6-space/UVLARM-wallE/install/local_setup.ps1'
[0.527s] INFO:colcon.colcon_core.shell:Creating prefix util module '/home/bot/mb6-space/UVLARM-wallE/install/_local_setup_util_ps1.py'
[0.529s] INFO:colcon.colcon_core.shell:Creating prefix chain script '/home/bot/mb6-space/UVLARM-wallE/install/setup.ps1'
[0.531s] INFO:colcon.colcon_core.shell:Creating prefix script '/home/bot/mb6-space/UVLARM-wallE/install/local_setup.sh'
[0.531s] INFO:colcon.colcon_core.shell:Creating prefix util module '/home/bot/mb6-space/UVLARM-wallE/install/_local_setup_util_sh.py'
[0.532s] INFO:colcon.colcon_core.shell:Creating prefix chain script '/home/bot/mb6-space/UVLARM-wallE/install/setup.sh'
[0.533s] INFO:colcon.colcon_core.shell:Creating prefix script '/home/bot/mb6-space/UVLARM-wallE/install/local_setup.bash'
[0.534s] INFO:colcon.colcon_core.shell:Creating prefix chain script '/home/bot/mb6-space/UVLARM-wallE/install/setup.bash'
[0.535s] INFO:colcon.colcon_core.shell:Creating prefix script '/home/bot/mb6-space/UVLARM-wallE/install/local_setup.zsh'
[0.536s] INFO:colcon.colcon_core.shell:Creating prefix chain script '/home/bot/mb6-space/UVLARM-wallE/install/setup.zsh'
