[0.121s] Invoking command in '/home/imtld.local/clarice.goulet/ros_ws/UVLARM-wallE/CG/build/tuto_cg': /usr/bin/cmake /home/imtld.local/clarice.goulet/ros_ws/UVLARM-wallE/CG/tuto_cg -DCMAKE_INSTALL_PREFIX=/home/imtld.local/clarice.goulet/ros_ws/UVLARM-wallE/CG/install/tuto_cg
[0.356s] -- The C compiler identification is GNU 11.4.0
[0.595s] -- The CXX compiler identification is GNU 11.4.0
[0.643s] -- Detecting C compiler ABI info
[1.145s] -- Detecting C compiler ABI info - done
[1.209s] -- Check for working C compiler: /usr/bin/cc - skipped
[1.217s] -- Detecting C compile features
[1.225s] -- Detecting C compile features - done
[1.289s] -- Detecting CXX compiler ABI info
[1.822s] -- Detecting CXX compiler ABI info - done
[1.892s] -- Check for working CXX compiler: /usr/bin/c++ - skipped
[1.895s] -- Detecting CXX compile features
[1.902s] -- Detecting CXX compile features - done
[1.977s] -- Found ament_cmake: 2.0.3 (/opt/ros/iron/share/ament_cmake/cmake)
[2.212s] -- Found Python3: /usr/bin/python3.10 (found version "3.10.12") found components: Interpreter 
[2.713s] -- Found ament_lint_auto: 0.14.2 (/opt/ros/iron/share/ament_lint_auto/cmake)
[2.866s] Error parsing '/home/imtld.local/clarice.goulet/ros_ws/UVLARM-wallE/CG/tuto_cg/package.xml':
[2.904s] Traceback (most recent call last):
[2.904s]   File "/opt/ros/iron/share/ament_cmake_core/cmake/core/package_xml_2_cmake.py", line 150, in <module>
[2.916s]     main()
[2.941s]   File "/opt/ros/iron/share/ament_cmake_core/cmake/core/package_xml_2_cmake.py", line 53, in main
[2.947s]     raise e
[2.947s]   File "/opt/ros/iron/share/ament_cmake_core/cmake/core/package_xml_2_cmake.py", line 49, in main
[2.963s]     package = parse_package_string(
[2.964s]   File "/usr/lib/python3/dist-packages/catkin_pkg/package.py", line 788, in parse_package_string
[2.970s]     pkg.validate(warnings=warnings)
[2.983s]   File "/usr/lib/python3/dist-packages/catkin_pkg/package.py", line 330, in validate
[2.985s]     raise InvalidPackage('\n'.join(errors), self.filename)
[2.985s] catkin_pkg.package.InvalidPackage: Error(s) in package '/home/imtld.local/clarice.goulet/ros_ws/UVLARM-wallE/CG/tuto_cg/package.xml':
[2.991s] Invalid email "clarice.goulet@etu.imt-nord-europe.fr@todo.todo" for person "clarice.goulet@etu.imt-nord-europe.fr"
[2.991s] [31mCMake Error at /opt/ros/iron/share/ament_cmake_core/cmake/core/ament_package_xml.cmake:95 (message):
[2.996s]   execute_process(/usr/bin/python3.10
[3.006s]   /opt/ros/iron/share/ament_cmake_core/cmake/core/package_xml_2_cmake.py
[3.010s]   /home/imtld.local/clarice.goulet/ros_ws/UVLARM-wallE/CG/tuto_cg/package.xml
[3.010s]   /home/imtld.local/clarice.goulet/ros_ws/UVLARM-wallE/CG/build/tuto_cg/ament_cmake_core/package.cmake)
[3.014s]   returned error code 1
[3.016s] Call Stack (most recent call first):
[3.016s]   /opt/ros/iron/share/ament_cmake_core/cmake/core/ament_package_xml.cmake:49 (_ament_package_xml)
[3.016s]   /opt/ros/iron/share/ament_lint_auto/cmake/ament_lint_auto_find_test_dependencies.cmake:31 (ament_package_xml)
[3.018s]   CMakeLists.txt:23 (ament_lint_auto_find_test_dependencies)
[3.018s] 
[3.021s] [0m
[3.021s] -- Configuring incomplete, errors occurred!
[3.021s] See also "/home/imtld.local/clarice.goulet/ros_ws/UVLARM-wallE/CG/build/tuto_cg/CMakeFiles/CMakeOutput.log".
[3.024s] Invoked command in '/home/imtld.local/clarice.goulet/ros_ws/UVLARM-wallE/CG/build/tuto_cg' returned '1': /usr/bin/cmake /home/imtld.local/clarice.goulet/ros_ws/UVLARM-wallE/CG/tuto_cg -DCMAKE_INSTALL_PREFIX=/home/imtld.local/clarice.goulet/ros_ws/UVLARM-wallE/CG/install/tuto_cg
