[0.111s] Invoking command in '/home/imtld.local/clarice.goulet/ros_ws/UVLARM-wallE/build/tuto_kickoff': CMAKE_PREFIX_PATH=${CMAKE_PREFIX_PATH}:/opt/ros/iron /usr/bin/cmake /home/imtld.local/clarice.goulet/ros_ws/UVLARM-wallE/tuto_kickoff -DCMAKE_INSTALL_PREFIX=/home/imtld.local/clarice.goulet/ros_ws/UVLARM-wallE/install/tuto_kickoff
[0.418s] -- The C compiler identification is GNU 11.4.0
[0.660s] -- The CXX compiler identification is GNU 11.4.0
[0.709s] -- Detecting C compiler ABI info
[1.227s] -- Detecting C compiler ABI info - done
[1.293s] -- Check for working C compiler: /usr/bin/cc - skipped
[1.298s] -- Detecting C compile features
[1.300s] -- Detecting C compile features - done
[1.331s] -- Detecting CXX compiler ABI info
[1.785s] -- Detecting CXX compiler ABI info - done
[1.840s] -- Check for working CXX compiler: /usr/bin/c++ - skipped
[1.844s] -- Detecting CXX compile features
[1.846s] -- Detecting CXX compile features - done
[1.888s] -- Found ament_cmake: 2.0.3 (/opt/ros/iron/share/ament_cmake/cmake)
[2.092s] -- Found Python3: /usr/bin/python3.10 (found version "3.10.12") found components: Interpreter 
[2.498s] -- Found ament_lint_auto: 0.14.2 (/opt/ros/iron/share/ament_lint_auto/cmake)
[2.821s] -- Added test 'lint_cmake' to check CMake code style
[2.834s] -- Added test 'xmllint' to check XML markup files
[2.891s] -- Configuring done
[3.295s] -- Generating done
[3.387s] -- Build files have been written to: /home/imtld.local/clarice.goulet/ros_ws/UVLARM-wallE/build/tuto_kickoff
[3.400s] Invoked command in '/home/imtld.local/clarice.goulet/ros_ws/UVLARM-wallE/build/tuto_kickoff' returned '0': CMAKE_PREFIX_PATH=${CMAKE_PREFIX_PATH}:/opt/ros/iron /usr/bin/cmake /home/imtld.local/clarice.goulet/ros_ws/UVLARM-wallE/tuto_kickoff -DCMAKE_INSTALL_PREFIX=/home/imtld.local/clarice.goulet/ros_ws/UVLARM-wallE/install/tuto_kickoff
[3.439s] Invoking command in '/home/imtld.local/clarice.goulet/ros_ws/UVLARM-wallE/build/tuto_kickoff': CMAKE_PREFIX_PATH=${CMAKE_PREFIX_PATH}:/opt/ros/iron /usr/bin/cmake --build /home/imtld.local/clarice.goulet/ros_ws/UVLARM-wallE/build/tuto_kickoff -- -j12 -l12
[3.521s] Invoked command in '/home/imtld.local/clarice.goulet/ros_ws/UVLARM-wallE/build/tuto_kickoff' returned '0': CMAKE_PREFIX_PATH=${CMAKE_PREFIX_PATH}:/opt/ros/iron /usr/bin/cmake --build /home/imtld.local/clarice.goulet/ros_ws/UVLARM-wallE/build/tuto_kickoff -- -j12 -l12
[3.642s] Invoking command in '/home/imtld.local/clarice.goulet/ros_ws/UVLARM-wallE/build/tuto_kickoff': CMAKE_PREFIX_PATH=${CMAKE_PREFIX_PATH}:/opt/ros/iron /usr/bin/cmake --install /home/imtld.local/clarice.goulet/ros_ws/UVLARM-wallE/build/tuto_kickoff
[3.659s] -- Install configuration: ""
[3.721s] -- Installing: /home/imtld.local/clarice.goulet/ros_ws/UVLARM-wallE/install/tuto_kickoff/share/ament_index/resource_index/package_run_dependencies/tuto_kickoff
[3.785s] -- Installing: /home/imtld.local/clarice.goulet/ros_ws/UVLARM-wallE/install/tuto_kickoff/share/ament_index/resource_index/parent_prefix_path/tuto_kickoff
[3.821s] -- Installing: /home/imtld.local/clarice.goulet/ros_ws/UVLARM-wallE/install/tuto_kickoff/share/tuto_kickoff/environment/ament_prefix_path.sh
[3.844s] -- Installing: /home/imtld.local/clarice.goulet/ros_ws/UVLARM-wallE/install/tuto_kickoff/share/tuto_kickoff/environment/ament_prefix_path.dsv
[3.867s] -- Installing: /home/imtld.local/clarice.goulet/ros_ws/UVLARM-wallE/install/tuto_kickoff/share/tuto_kickoff/environment/path.sh
[3.890s] -- Installing: /home/imtld.local/clarice.goulet/ros_ws/UVLARM-wallE/install/tuto_kickoff/share/tuto_kickoff/environment/path.dsv
[3.909s] -- Installing: /home/imtld.local/clarice.goulet/ros_ws/UVLARM-wallE/install/tuto_kickoff/share/tuto_kickoff/local_setup.bash
[3.920s] -- Installing: /home/imtld.local/clarice.goulet/ros_ws/UVLARM-wallE/install/tuto_kickoff/share/tuto_kickoff/local_setup.sh
[3.942s] -- Installing: /home/imtld.local/clarice.goulet/ros_ws/UVLARM-wallE/install/tuto_kickoff/share/tuto_kickoff/local_setup.zsh
[3.957s] -- Installing: /home/imtld.local/clarice.goulet/ros_ws/UVLARM-wallE/install/tuto_kickoff/share/tuto_kickoff/local_setup.dsv
[3.984s] -- Installing: /home/imtld.local/clarice.goulet/ros_ws/UVLARM-wallE/install/tuto_kickoff/share/tuto_kickoff/package.dsv
[4.008s] -- Installing: /home/imtld.local/clarice.goulet/ros_ws/UVLARM-wallE/install/tuto_kickoff/share/ament_index/resource_index/packages/tuto_kickoff
[4.041s] -- Installing: /home/imtld.local/clarice.goulet/ros_ws/UVLARM-wallE/install/tuto_kickoff/share/tuto_kickoff/cmake/tuto_kickoffConfig.cmake
[4.059s] -- Installing: /home/imtld.local/clarice.goulet/ros_ws/UVLARM-wallE/install/tuto_kickoff/share/tuto_kickoff/cmake/tuto_kickoffConfig-version.cmake
[4.088s] -- Installing: /home/imtld.local/clarice.goulet/ros_ws/UVLARM-wallE/install/tuto_kickoff/share/tuto_kickoff/package.xml
[4.134s] Invoked command in '/home/imtld.local/clarice.goulet/ros_ws/UVLARM-wallE/build/tuto_kickoff' returned '0': CMAKE_PREFIX_PATH=${CMAKE_PREFIX_PATH}:/opt/ros/iron /usr/bin/cmake --install /home/imtld.local/clarice.goulet/ros_ws/UVLARM-wallE/build/tuto_kickoff
