[0.140s] Invoking command in '/home/imtld.local/eliot.shaw/Bureau/LARM/UVLARM-wallE/build/tuto_kickoff': CMAKE_PREFIX_PATH=${CMAKE_PREFIX_PATH}:/opt/ros/iron /usr/bin/cmake /home/imtld.local/eliot.shaw/Bureau/LARM/UVLARM-wallE/tuto_kickoff -DCMAKE_INSTALL_PREFIX=/home/imtld.local/eliot.shaw/Bureau/LARM/UVLARM-wallE/install/tuto_kickoff
[0.430s] -- The C compiler identification is GNU 11.4.0
[0.624s] -- The CXX compiler identification is GNU 11.4.0
[0.660s] -- Detecting C compiler ABI info
[1.072s] -- Detecting C compiler ABI info - done
[1.094s] -- Check for working C compiler: /usr/bin/cc - skipped
[1.098s] -- Detecting C compile features
[1.101s] -- Detecting C compile features - done
[1.122s] -- Detecting CXX compiler ABI info
[1.448s] -- Detecting CXX compiler ABI info - done
[1.513s] -- Check for working CXX compiler: /usr/bin/c++ - skipped
[1.522s] -- Detecting CXX compile features
[1.524s] -- Detecting CXX compile features - done
[1.563s] -- Found ament_cmake: 2.0.3 (/opt/ros/iron/share/ament_cmake/cmake)
[1.714s] -- Found Python3: /usr/bin/python3.10 (found version "3.10.12") found components: Interpreter 
[2.046s] -- Found ament_lint_auto: 0.14.2 (/opt/ros/iron/share/ament_lint_auto/cmake)
[2.287s] -- Added test 'lint_cmake' to check CMake code style
[2.300s] -- Added test 'xmllint' to check XML markup files
[2.360s] -- Configuring done
[2.607s] -- Generating done
[2.675s] -- Build files have been written to: /home/imtld.local/eliot.shaw/Bureau/LARM/UVLARM-wallE/build/tuto_kickoff
[2.678s] Invoked command in '/home/imtld.local/eliot.shaw/Bureau/LARM/UVLARM-wallE/build/tuto_kickoff' returned '0': CMAKE_PREFIX_PATH=${CMAKE_PREFIX_PATH}:/opt/ros/iron /usr/bin/cmake /home/imtld.local/eliot.shaw/Bureau/LARM/UVLARM-wallE/tuto_kickoff -DCMAKE_INSTALL_PREFIX=/home/imtld.local/eliot.shaw/Bureau/LARM/UVLARM-wallE/install/tuto_kickoff
[2.700s] Invoking command in '/home/imtld.local/eliot.shaw/Bureau/LARM/UVLARM-wallE/build/tuto_kickoff': CMAKE_PREFIX_PATH=${CMAKE_PREFIX_PATH}:/opt/ros/iron /usr/bin/cmake --build /home/imtld.local/eliot.shaw/Bureau/LARM/UVLARM-wallE/build/tuto_kickoff -- -j12 -l12
[2.745s] Invoked command in '/home/imtld.local/eliot.shaw/Bureau/LARM/UVLARM-wallE/build/tuto_kickoff' returned '0': CMAKE_PREFIX_PATH=${CMAKE_PREFIX_PATH}:/opt/ros/iron /usr/bin/cmake --build /home/imtld.local/eliot.shaw/Bureau/LARM/UVLARM-wallE/build/tuto_kickoff -- -j12 -l12
[2.786s] Invoking command in '/home/imtld.local/eliot.shaw/Bureau/LARM/UVLARM-wallE/build/tuto_kickoff': CMAKE_PREFIX_PATH=${CMAKE_PREFIX_PATH}:/opt/ros/iron /usr/bin/cmake --install /home/imtld.local/eliot.shaw/Bureau/LARM/UVLARM-wallE/build/tuto_kickoff
[2.793s] -- Install configuration: ""
[2.813s] -- Installing: /home/imtld.local/eliot.shaw/Bureau/LARM/UVLARM-wallE/install/tuto_kickoff/share/ament_index/resource_index/package_run_dependencies/tuto_kickoff
[2.838s] -- Installing: /home/imtld.local/eliot.shaw/Bureau/LARM/UVLARM-wallE/install/tuto_kickoff/share/ament_index/resource_index/parent_prefix_path/tuto_kickoff
[2.912s] -- Installing: /home/imtld.local/eliot.shaw/Bureau/LARM/UVLARM-wallE/install/tuto_kickoff/share/tuto_kickoff/environment/ament_prefix_path.sh
[2.964s] -- Installing: /home/imtld.local/eliot.shaw/Bureau/LARM/UVLARM-wallE/install/tuto_kickoff/share/tuto_kickoff/environment/ament_prefix_path.dsv
[2.999s] -- Installing: /home/imtld.local/eliot.shaw/Bureau/LARM/UVLARM-wallE/install/tuto_kickoff/share/tuto_kickoff/environment/path.sh
[3.017s] -- Installing: /home/imtld.local/eliot.shaw/Bureau/LARM/UVLARM-wallE/install/tuto_kickoff/share/tuto_kickoff/environment/path.dsv
[3.041s] -- Installing: /home/imtld.local/eliot.shaw/Bureau/LARM/UVLARM-wallE/install/tuto_kickoff/share/tuto_kickoff/local_setup.bash
[3.070s] -- Installing: /home/imtld.local/eliot.shaw/Bureau/LARM/UVLARM-wallE/install/tuto_kickoff/share/tuto_kickoff/local_setup.sh
[3.098s] -- Installing: /home/imtld.local/eliot.shaw/Bureau/LARM/UVLARM-wallE/install/tuto_kickoff/share/tuto_kickoff/local_setup.zsh
[3.140s] -- Installing: /home/imtld.local/eliot.shaw/Bureau/LARM/UVLARM-wallE/install/tuto_kickoff/share/tuto_kickoff/local_setup.dsv
[3.163s] -- Installing: /home/imtld.local/eliot.shaw/Bureau/LARM/UVLARM-wallE/install/tuto_kickoff/share/tuto_kickoff/package.dsv
[3.194s] -- Installing: /home/imtld.local/eliot.shaw/Bureau/LARM/UVLARM-wallE/install/tuto_kickoff/share/ament_index/resource_index/packages/tuto_kickoff
[3.215s] -- Installing: /home/imtld.local/eliot.shaw/Bureau/LARM/UVLARM-wallE/install/tuto_kickoff/share/tuto_kickoff/cmake/tuto_kickoffConfig.cmake
[3.237s] -- Installing: /home/imtld.local/eliot.shaw/Bureau/LARM/UVLARM-wallE/install/tuto_kickoff/share/tuto_kickoff/cmake/tuto_kickoffConfig-version.cmake
[3.263s] -- Installing: /home/imtld.local/eliot.shaw/Bureau/LARM/UVLARM-wallE/install/tuto_kickoff/share/tuto_kickoff/package.xml
[3.316s] Invoked command in '/home/imtld.local/eliot.shaw/Bureau/LARM/UVLARM-wallE/build/tuto_kickoff' returned '0': CMAKE_PREFIX_PATH=${CMAKE_PREFIX_PATH}:/opt/ros/iron /usr/bin/cmake --install /home/imtld.local/eliot.shaw/Bureau/LARM/UVLARM-wallE/build/tuto_kickoff
